2015-12-01 20:04:51 - Cannot find controller class file for route 'checkout/shipping_method_payment_method'
2015-12-03 11:07:22 - PHP Notice:  Undefined variable: column_right in E:\www\opencart\quickstart_package_astra\catalog\view\theme\astragrey\template\account\login.tpl on line 33
2015-12-03 17:11:28 - PHP Notice:  Undefined index: firstname in E:\www\opencart\quickstart_package_astra\catalog\model\account\customer.php on line 16
2015-12-03 17:11:28 - PHP Notice:  Undefined index: lastname in E:\www\opencart\quickstart_package_astra\catalog\model\account\customer.php on line 16
2015-12-03 17:11:28 - PHP Notice:  Undefined index: telephone in E:\www\opencart\quickstart_package_astra\catalog\model\account\customer.php on line 16
2015-12-03 17:11:28 - PHP Notice:  Undefined index: fax in E:\www\opencart\quickstart_package_astra\catalog\model\account\customer.php on line 16
2015-12-03 17:11:29 - PHP Notice:  Undefined index: firstname in E:\www\opencart\quickstart_package_astra\catalog\controller\account\register.php on line 35
2015-12-03 17:11:29 - PHP Notice:  Undefined index: lastname in E:\www\opencart\quickstart_package_astra\catalog\controller\account\register.php on line 35
2015-12-03 17:28:41 - PHP Notice:  Undefined variable: manufacturer in E:\www\opencart\quickstart_package_astra\catalog\view\theme\astragrey\template\common\footer.tpl on line 112
2015-12-03 17:32:15 - PHP Notice:  Undefined variable: manufacturers in E:\www\opencart\quickstart_package_astra\catalog\view\theme\astragrey\template\common\footer.tpl on line 11
2015-12-03 17:32:27 - PHP Notice:  Undefined variable: manufacturers in E:\www\opencart\quickstart_package_astra\catalog\view\theme\astragrey\template\common\footer.tpl on line 11
2015-12-03 17:32:29 - PHP Notice:  Undefined variable: manufacturers in E:\www\opencart\quickstart_package_astra\catalog\view\theme\astragrey\template\common\footer.tpl on line 11
2015-12-03 17:32:38 - PHP Notice:  Undefined variable: manufacturers in E:\www\opencart\quickstart_package_astra\catalog\view\theme\astragrey\template\common\footer.tpl on line 11
2015-12-03 17:32:44 - PHP Notice:  Undefined variable: manufacturers in E:\www\opencart\quickstart_package_astra\catalog\view\theme\astragrey\template\common\footer.tpl on line 11
2015-12-03 17:32:46 - PHP Notice:  Undefined variable: manufacturers in E:\www\opencart\quickstart_package_astra\catalog\view\theme\astragrey\template\common\footer.tpl on line 11
2015-12-03 17:33:04 - PHP Notice:  Undefined variable: manufacturers in E:\www\opencart\quickstart_package_astra\catalog\view\theme\astragrey\template\common\footer.tpl on line 11
2015-12-03 17:33:09 - PHP Notice:  Undefined variable: manufacturers in E:\www\opencart\quickstart_package_astra\catalog\view\theme\astragrey\template\common\footer.tpl on line 11
2015-12-03 17:34:01 - PHP Notice:  Undefined variable: manufacturers in E:\www\opencart\quickstart_package_astra\catalog\view\theme\astragrey\template\common\footer.tpl on line 11
2015-12-03 17:47:43 - PHP Notice:  Undefined variable: manufacturers in E:\www\opencart\quickstart_package_astra\catalog\view\theme\astragrey\template\common\footer.tpl on line 11
2015-12-03 17:47:51 - PHP Notice:  Undefined variable: manufacturers in E:\www\opencart\quickstart_package_astra\catalog\view\theme\astragrey\template\common\footer.tpl on line 11
2015-12-03 17:48:00 - PHP Notice:  Undefined variable: manufacturers in E:\www\opencart\quickstart_package_astra\catalog\view\theme\astragrey\template\common\footer.tpl on line 11
2015-12-03 17:48:03 - PHP Notice:  Undefined variable: manufacturers in E:\www\opencart\quickstart_package_astra\catalog\view\theme\astragrey\template\common\footer.tpl on line 11
2015-12-03 17:48:11 - PHP Notice:  Undefined variable: manufacturers in E:\www\opencart\quickstart_package_astra\catalog\view\theme\astragrey\template\common\footer.tpl on line 11
2015-12-03 17:50:07 - PHP Notice:  Undefined variable: manufacturers in E:\www\opencart\quickstart_package_astra\catalog\view\theme\astragrey\template\common\footer.tpl on line 11
2015-12-03 17:51:34 - PHP Notice:  Undefined variable: manufacturers in E:\www\opencart\quickstart_package_astra\catalog\view\theme\astragrey\template\common\footer.tpl on line 11
2015-12-03 17:51:36 - PHP Notice:  Undefined variable: manufacturers in E:\www\opencart\quickstart_package_astra\catalog\view\theme\astragrey\template\common\footer.tpl on line 11
2015-12-03 17:51:53 - PHP Notice:  Undefined variable: manufacturers in E:\www\opencart\quickstart_package_astra\catalog\view\theme\astragrey\template\common\footer.tpl on line 11
2015-12-03 17:52:04 - PHP Notice:  Undefined variable: manufacturers in E:\www\opencart\quickstart_package_astra\catalog\view\theme\astragrey\template\common\footer.tpl on line 11
